<?xml version="1.0" encoding="UTF-8"?>
<!-- Generated by org.testng.reporters.JUnitReportReporter -->
<testsuite hostname="Priyankas-MacBook-Pro.local" failures="0" tests="1" name="Authentication.Login" time="4.604" errors="0" timestamp="2024-10-19T16:09:37 IST" skipped="0">
  <testcase classname="Authentication.Login" name="test_InvalidLogin" time="4.604"/>
  <system-out/>
</testsuite> <!-- Authentication.Login -->
