<?xml version="1.0" encoding="UTF-8"?>
<!-- Generated by org.testng.reporters.JUnitReportReporter -->
<testsuite hostname="Priyankas-MacBook-Pro.local" failures="0" tests="2" name="Authentication.SubmitOrderTest" time="38.310" errors="0" timestamp="2024-10-18T17:52:41 IST" skipped="0">
  <testcase classname="Authentication.SubmitOrderTest" name="test_CompletePurchaseFlow" time="14.880"/>
  <system-out/>
  <testcase classname="Authentication.SubmitOrderTest" name="test_CompletePurchaseFlow" time="23.430"/>
  <system-out/>
</testsuite> <!-- Authentication.SubmitOrderTest -->
